<?xml version="1.0" encoding="UTF-8"?>
<!-- Generated by org.testng.reporters.JUnitXMLReporter -->
<testsuite hostname="DESKTOP-0Q4P2KE" name="Default test" tests="3" failures="0" timestamp="25 Nov 2020 18:53:19 GMT" time="0.054" errors="0">
  <testcase name="sh" time="0.005" classname="selenium.invocation_method"/>
  <testcase name="sh" time="0.002" classname="selenium.invocation_method"/>
  <testcase name="shs" time="0.002" classname="selenium.invocation_method"/>
</testsuite> <!-- Default test -->
