<?xml version="1.0" encoding="UTF-8"?>
<testng-results skipped="0" failed="0" ignored="0" total="0" passed="0">
  <reporter-output>
  </reporter-output>
  <suite name="Default suite" duration-ms="1057" started-at="2020-09-13T18:01:37Z" finished-at="2020-09-13T18:01:38Z">
    <groups>
      <group name="cucumber">
        <method signature="AbstractTestNGCucumberTests.runScenario(io.cucumber.testng.PickleWrapper, io.cucumber.testng.FeatureWrapper)[pri:0, instance:runners.RunParallel@59ec2012]" name="runScenario" class="io.cucumber.testng.AbstractTestNGCucumberTests"/>
      </group> <!-- cucumber -->
    </groups>
    <test name="Default test" duration-ms="1057" started-at="2020-09-13T18:01:37Z" finished-at="2020-09-13T18:01:38Z">
      <class name="runners.RunParallel">
        <test-method status="PASS" signature="setUpClass()[pri:0, instance:runners.RunParallel@59ec2012]" name="setUpClass" is-config="true" duration-ms="989" started-at="2020-09-13T18:01:37Z" finished-at="2020-09-13T18:01:38Z">
          <reporter-output>
          </reporter-output>
        </test-method> <!-- setUpClass -->
        <test-method status="PASS" signature="tearDownClass()[pri:0, instance:runners.RunParallel@59ec2012]" name="tearDownClass" is-config="true" duration-ms="44" started-at="2020-09-13T18:01:38Z" finished-at="2020-09-13T18:01:38Z">
          <reporter-output>
          </reporter-output>
        </test-method> <!-- tearDownClass -->
      </class> <!-- runners.RunParallel -->
    </test> <!-- Default test -->
  </suite> <!-- Default suite -->
</testng-results>
