<?xml version="1.0" encoding="UTF-8"?>
<testng-results skipped="0" failed="0" total="2" passed="2">
  <reporter-output>
  </reporter-output>
  <suite name="Suite" duration-ms="25191" started-at="2018-11-02T03:57:02Z" finished-at="2018-11-02T03:57:28Z">
    <groups>
    </groups>
    <test name="Test" duration-ms="16291" started-at="2018-11-02T03:57:02Z" finished-at="2018-11-02T03:57:19Z">
      <class name="Environment_parameterisation.class_2">
        <test-method status="PASS" signature="beforeeveryclass(java.lang.String, java.lang.String)[pri:0, instance:Environment_parameterisation.class_2@7c16905e]" name="beforeeveryclass" is-config="true" duration-ms="16066" started-at="2018-11-02T09:27:02Z" finished-at="2018-11-02T09:27:19Z">
          <params>
            <param index="0">
              <value>
                <![CDATA[chrome]]>
              </value>
            </param>
            <param index="1">
              <value>
                <![CDATA[prod]]>
              </value>
            </param>
          </params>
          <reporter-output>
          </reporter-output>
        </test-method> <!-- beforeeveryclass -->
        <test-method status="PASS" signature="test23()[pri:0, instance:Environment_parameterisation.class_2@7c16905e]" name="test23" duration-ms="12" started-at="2018-11-02T09:27:19Z" finished-at="2018-11-02T09:27:19Z">
          <reporter-output>
          </reporter-output>
        </test-method> <!-- test23 -->
        <test-method status="PASS" signature="tearup()[pri:0, instance:Environment_parameterisation.class_2@7c16905e]" name="tearup" is-config="true" duration-ms="187" started-at="2018-11-02T09:27:19Z" finished-at="2018-11-02T09:27:19Z">
          <reporter-output>
          </reporter-output>
        </test-method> <!-- tearup -->
      </class> <!-- Environment_parameterisation.class_2 -->
    </test> <!-- Test -->
    <test name="Test2" duration-ms="8867" started-at="2018-11-02T03:57:19Z" finished-at="2018-11-02T03:57:28Z">
      <class name="Environment_parameterisation.class_2">
        <test-method status="PASS" signature="beforeeveryclass(java.lang.String, java.lang.String)[pri:0, instance:Environment_parameterisation.class_2@26653222]" name="beforeeveryclass" is-config="true" duration-ms="6650" started-at="2018-11-02T09:27:19Z" finished-at="2018-11-02T09:27:25Z">
          <params>
            <param index="0">
              <value>
                <![CDATA[chrome]]>
              </value>
            </param>
            <param index="1">
              <value>
                <![CDATA[QA]]>
              </value>
            </param>
          </params>
          <reporter-output>
          </reporter-output>
        </test-method> <!-- beforeeveryclass -->
        <test-method status="PASS" signature="test23()[pri:0, instance:Environment_parameterisation.class_2@26653222]" name="test23" duration-ms="2" started-at="2018-11-02T09:27:25Z" finished-at="2018-11-02T09:27:25Z">
          <reporter-output>
          </reporter-output>
        </test-method> <!-- test23 -->
        <test-method status="PASS" signature="tearup()[pri:0, instance:Environment_parameterisation.class_2@26653222]" name="tearup" is-config="true" duration-ms="2210" started-at="2018-11-02T09:27:25Z" finished-at="2018-11-02T09:27:28Z">
          <reporter-output>
          </reporter-output>
        </test-method> <!-- tearup -->
      </class> <!-- Environment_parameterisation.class_2 -->
    </test> <!-- Test2 -->
  </suite> <!-- Suite -->
</testng-results>
