<?xml version="1.0" encoding="UTF-8"?>
<testng-results skipped="0" failed="0" total="1" passed="1">
  <reporter-output>
  </reporter-output>
  <suite name="Default suite" duration-ms="31" started-at="2020-11-02T12:57:14Z" finished-at="2020-11-02T12:57:14Z">
    <groups>
    </groups>
    <test name="Default test" duration-ms="31" started-at="2020-11-02T12:57:14Z" finished-at="2020-11-02T12:57:14Z">
      <class name="practice">
        <test-method status="PASS" signature="mm()[pri:0, instance:practice@2ef5e5e3]" name="mm" is-config="true" duration-ms="9" started-at="2020-11-02T18:27:14Z" finished-at="2020-11-02T18:27:14Z">
          <reporter-output>
          </reporter-output>
        </test-method> <!-- mm -->
        <test-method status="PASS" signature="ex()[pri:0, instance:practice@2ef5e5e3]" name="ex" duration-ms="5" started-at="2020-11-02T18:27:14Z" finished-at="2020-11-02T18:27:14Z">
          <reporter-output>
          </reporter-output>
        </test-method> <!-- ex -->
      </class> <!-- practice -->
    </test> <!-- Default test -->
  </suite> <!-- Default suite -->
</testng-results>
