<?xml version="1.0" encoding="UTF-8"?>
<testng-results skipped="0" failed="0" total="1" passed="1">
  <reporter-output>
  </reporter-output>
  <suite name="Default suite" duration-ms="41543" started-at="2019-07-26T20:06:13Z" finished-at="2019-07-26T20:06:55Z">
    <groups>
    </groups>
    <test name="Default test" duration-ms="41543" started-at="2019-07-26T20:06:13Z" finished-at="2019-07-26T20:06:55Z">
      <class name="Auto_IT.Auto_It">
        <test-method status="PASS" signature="mahesh()[pri:0, instance:Auto_IT.Auto_It@735b5592]" name="mahesh" is-config="true" duration-ms="4699" started-at="2019-07-27T01:36:13Z" finished-at="2019-07-27T01:36:18Z">
          <reporter-output>
          </reporter-output>
        </test-method> <!-- mahesh -->
        <test-method status="PASS" signature="mah()[pri:0, instance:Auto_IT.Auto_It@735b5592]" name="mah" duration-ms="36826" started-at="2019-07-27T01:36:18Z" finished-at="2019-07-27T01:36:55Z">
          <reporter-output>
          </reporter-output>
        </test-method> <!-- mah -->
      </class> <!-- Auto_IT.Auto_It -->
    </test> <!-- Default test -->
  </suite> <!-- Default suite -->
</testng-results>
